The system is: Windows - 10.0.17763 - AMD64
Compiling the C compiler identification source file "CMakeCCompilerId.c" succeeded.
Compiler: C:/Program Files (x86)/Microsoft Visual Studio/2019/Community/VC/Tools/MSVC/14.23.28105/bin/HostX86/x86/cl.exe 
Build flags: 
Id flags:  

The output was:
0
Оптимизирующий компилятор Microsoft (R) C/C++ версии 19.23.28106.4 для x86
(C) Корпорация Майкрософт (Microsoft Corporation).  Все права защищены.

CMakeCCompilerId.c
Microsoft (R) Incremental Linker Version 14.23.28106.4
Copyright (C) Microsoft Corporation.  All rights reserved.

/out:CMakeCCompilerId.exe 
CMakeCCompilerId.obj 


Compilation of the C compiler identification source "CMakeCCompilerId.c" produced "CMakeCCompilerId.exe"

Compilation of the C compiler identification source "CMakeCCompilerId.c" produced "CMakeCCompilerId.obj"

The C compiler identification is MSVC, found in "D:/yandex.school/algorithms/Sandbox/out/build/x86-Release/CMakeFiles/3.15.19080502-MSVC_2/CompilerIdC/CMakeCCompilerId.exe"

Compiling the CXX compiler identification source file "CMakeCXXCompilerId.cpp" succeeded.
Compiler: C:/Program Files (x86)/Microsoft Visual Studio/2019/Community/VC/Tools/MSVC/14.23.28105/bin/HostX86/x86/cl.exe 
Build flags: 
Id flags:  

The output was:
0
Оптимизирующий компилятор Microsoft (R) C/C++ версии 19.23.28106.4 для x86
(C) Корпорация Майкрософт (Microsoft Corporation).  Все права защищены.

CMakeCXXCompilerId.cpp
Microsoft (R) Incremental Linker Version 14.23.28106.4
Copyright (C) Microsoft Corporation.  All rights reserved.

/out:CMakeCXXCompilerId.exe 
CMakeCXXCompilerId.obj 


Compilation of the CXX compiler identification source "CMakeCXXCompilerId.cpp" produced "CMakeCXXCompilerId.exe"

Compilation of the CXX compiler identification source "CMakeCXXCompilerId.cpp" produced "CMakeCXXCompilerId.obj"

The CXX compiler identification is MSVC, found in "D:/yandex.school/algorithms/Sandbox/out/build/x86-Release/CMakeFiles/3.15.19080502-MSVC_2/CompilerIdCXX/CMakeCXXCompilerId.exe"

Determining if the C compiler works passed with the following output:
Change Dir: D:/yandex.school/algorithms/Sandbox/out/build/x86-Release/CMakeFiles/CMakeTmp

Run Build Command(s):C:/Program Files (x86)/Microsoft Visual Studio/2019/Community/Common7/IDE/CommonExtensions/Microsoft/CMake/Ninja/ninja.exe cmTC_314a2 && [1/2] Building C object CMakeFiles\cmTC_314a2.dir\testCCompiler.c.obj
[2/2] Linking C executable cmTC_314a2.exe



Detecting C compiler ABI info compiled with the following output:
Change Dir: D:/yandex.school/algorithms/Sandbox/out/build/x86-Release/CMakeFiles/CMakeTmp

Run Build Command(s):C:/Program Files (x86)/Microsoft Visual Studio/2019/Community/Common7/IDE/CommonExtensions/Microsoft/CMake/Ninja/ninja.exe cmTC_a2dff && [1/2] Building C object CMakeFiles\cmTC_a2dff.dir\CMakeCCompilerABI.c.obj
Примечание: включение файла:  C:\Program Files (x86)\Microsoft Visual Studio\2019\Community\Common7\IDE\CommonExtensions\Microsoft\CMake\CMake\share\cmake-3.15\Modules\CMakeCompilerABI.h
[2/2] Linking C executable cmTC_a2dff.exe



Determining if the CXX compiler works passed with the following output:
Change Dir: D:/yandex.school/algorithms/Sandbox/out/build/x86-Release/CMakeFiles/CMakeTmp

Run Build Command(s):C:/Program Files (x86)/Microsoft Visual Studio/2019/Community/Common7/IDE/CommonExtensions/Microsoft/CMake/Ninja/ninja.exe cmTC_3b3a5 && [1/2] Building CXX object CMakeFiles\cmTC_3b3a5.dir\testCXXCompiler.cxx.obj
[2/2] Linking CXX executable cmTC_3b3a5.exe



Detecting CXX compiler ABI info compiled with the following output:
Change Dir: D:/yandex.school/algorithms/Sandbox/out/build/x86-Release/CMakeFiles/CMakeTmp

Run Build Command(s):C:/Program Files (x86)/Microsoft Visual Studio/2019/Community/Common7/IDE/CommonExtensions/Microsoft/CMake/Ninja/ninja.exe cmTC_f9922 && [1/2] Building CXX object CMakeFiles\cmTC_f9922.dir\CMakeCXXCompilerABI.cpp.obj
Примечание: включение файла:  C:\Program Files (x86)\Microsoft Visual Studio\2019\Community\Common7\IDE\CommonExtensions\Microsoft\CMake\CMake\share\cmake-3.15\Modules\CMakeCompilerABI.h
[2/2] Linking CXX executable cmTC_f9922.exe



